app/build/intermediates/manifest_merge_blame_file/debug/manifest-merger-blame-debug-report 2.txt
1<?xml version="1.0" encoding="utf-8"?>
2<manifest xmlns:android="http://schemas.android.com/apk/res/android"
3    package="ipca.example.photomap"
4    android:versionCode="1"
5    android:versionName="1.0" >
6
7    <uses-sdk
8        android:minSdkVersion="21"
8-->src/main/AndroidManifest.xml
9        android:targetSdkVersion="31" />
9-->src/main/AndroidManifest.xml
10
11    <uses-feature
11-->src/main/AndroidManifest.xml:4:5-5:35
12        android:name="android.hardware.camera"
12-->src/main/AndroidManifest.xml:4:19-57
13        android:required="true" />
13-->src/main/AndroidManifest.xml:5:9-32
14
15    <uses-permission android:name="android.permission.ACCESS_NETWORK_STATE" />
15-->[com.google.firebase:firebase-messaging:23.0.0] AndroidManifest.xml:22:5-79
15-->[com.google.firebase:firebase-messaging:23.0.0] AndroidManifest.xml:22:22-76
16    <uses-permission android:name="android.permission.WAKE_LOCK" /> <!-- Required by older versions of Google Play services to create IID tokens -->
16-->[com.google.firebase:firebase-messaging:23.0.0] AndroidManifest.xml:23:5-68
16-->[com.google.firebase:firebase-messaging:23.0.0] AndroidManifest.xml:23:22-65
17    <uses-permission android:name="com.google.android.c2dm.permission.RECEIVE" />
17-->[com.google.firebase:firebase-messaging:23.0.0] AndroidManifest.xml:25:5-82
17-->[com.google.firebase:firebase-messaging:23.0.0] AndroidManifest.xml:25:22-79
18    <uses-permission android:name="android.permission.INTERNET" />
18-->[com.google.android.datatransport:transport-backend-cct:3.0.0] AndroidManifest.xml:26:5-67
18-->[com.google.android.datatransport:transport-backend-cct:3.0.0] AndroidManifest.xml:26:22-64
19    <uses-permission android:name="com.google.android.finsky.permission.BIND_GET_INSTALL_REFERRER_SERVICE" />
19-->[com.google.android.gms:play-services-measurement:20.0.0] AndroidManifest.xml:26:5-110
19-->[com.google.android.gms:play-services-measurement:20.0.0] AndroidManifest.xml:26:22-107
20
21    <application
21-->src/main/AndroidManifest.xml:6:5-44:19
22        android:allowBackup="true"
22-->src/main/AndroidManifest.xml:7:9-35
23        android:appComponentFactory="androidx.core.app.CoreComponentFactory"
23-->[androidx.core:core:1.7.0] AndroidManifest.xml:24:18-86
24        android:debuggable="true"
25        android:icon="@mipmap/ic_launcher"
25-->src/main/AndroidManifest.xml:8:9-43
26        android:label="@string/app_name"
26-->src/main/AndroidManifest.xml:9:9-41
27        android:roundIcon="@mipmap/ic_launcher_round"
27-->src/main/AndroidManifest.xml:10:9-54
28        android:supportsRtl="true"
28-->src/main/AndroidManifest.xml:11:9-35
29        android:testOnly="true"
30        android:theme="@style/Theme.PhotoMap" >
30-->src/main/AndroidManifest.xml:12:9-46
31
32        <!--
33     Set custom default icon. This is used when no icon is set for incoming notification messages.
34     See README(https://goo.gl/l4GJaQ) for more.
35        -->
36        <meta-data
36-->src/main/AndroidManifest.xml:15:9-17:54
37            android:name="com.google.firebase.messaging.default_notification_icon"
37-->src/main/AndroidManifest.xml:16:13-83
38            android:resource="@mipmap/ic_launcher" />
38-->src/main/AndroidManifest.xml:17:13-51
39        <!--
40             Set color used with incoming notification messages. This is used when no color is set for the incoming
41             notification message. See README(https://goo.gl/6BKBk7) for more.
42        -->
43        <meta-data
43-->src/main/AndroidManifest.xml:20:9-22:47
44            android:name="com.google.firebase.messaging.default_notification_color"
44-->src/main/AndroidManifest.xml:21:13-84
45            android:resource="@color/black" />
45-->src/main/AndroidManifest.xml:22:13-44
46
47        <activity
47-->src/main/AndroidManifest.xml:23:9-26:40
48            android:name="ipca.example.photomap.LoginActivity"
48-->src/main/AndroidManifest.xml:24:13-42
49            android:exported="false"
49-->src/main/AndroidManifest.xml:26:13-37
50            android:windowSoftInputMode="adjustPan|adjustResize" />
50-->src/main/AndroidManifest.xml:25:13-65
51        <activity
51-->src/main/AndroidManifest.xml:27:9-35:20
52            android:name="ipca.example.photomap.SplashScreenActivity"
52-->src/main/AndroidManifest.xml:28:13-49
53            android:exported="true" >
53-->src/main/AndroidManifest.xml:29:13-36
54            <intent-filter>
54-->src/main/AndroidManifest.xml:30:13-34:29
55                <action android:name="android.intent.action.MAIN" />
55-->src/main/AndroidManifest.xml:31:17-69
55-->src/main/AndroidManifest.xml:31:25-66
56
57                <category android:name="android.intent.category.LAUNCHER" />
57-->src/main/AndroidManifest.xml:33:17-77
57-->src/main/AndroidManifest.xml:33:27-74
58            </intent-filter>
59        </activity>
60        <activity
60-->src/main/AndroidManifest.xml:36:9-42:20
61            android:name="ipca.example.photomap.MainActivity"
61-->src/main/AndroidManifest.xml:38:13-41
62            android:exported="true"
62-->src/main/AndroidManifest.xml:39:13-36
63            android:label="@string/app_name"
63-->src/main/AndroidManifest.xml:40:13-45
64            android:theme="@style/Theme.AppCompat.DayNight.DarkActionBar" >
64-->src/main/AndroidManifest.xml:37:13-74
65        </activity>
66
67        <service
67-->[com.google.firebase:firebase-analytics-ktx:20.0.0] AndroidManifest.xml:8:9-14:19
68            android:name="com.google.firebase.components.ComponentDiscoveryService"
68-->[com.google.firebase:firebase-analytics-ktx:20.0.0] AndroidManifest.xml:9:13-84
69            android:directBootAware="true"
69-->[com.google.firebase:firebase-common:20.0.0] AndroidManifest.xml:35:13-43
70            android:exported="false" >
70-->[com.google.firebase:firebase-analytics-ktx:20.0.0] AndroidManifest.xml:10:13-37
71            <meta-data
71-->[com.google.firebase:firebase-analytics-ktx:20.0.0] AndroidManifest.xml:11:13-13:85
72                android:name="com.google.firebase.components:com.google.firebase.analytics.ktx.FirebaseAnalyticsKtxRegistrar"
72-->[com.google.firebase:firebase-analytics-ktx:20.0.0] AndroidManifest.xml:12:17-126
73                android:value="com.google.firebase.components.ComponentRegistrar" />
73-->[com.google.firebase:firebase-analytics-ktx:20.0.0] AndroidManifest.xml:13:17-82
74            <meta-data
74-->[com.google.firebase:firebase-auth-ktx:21.0.1] AndroidManifest.xml:11:13-13:85
75                android:name="com.google.firebase.components:com.google.firebase.auth.ktx.FirebaseAuthKtxRegistrar"
75-->[com.google.firebase:firebase-auth-ktx:21.0.1] AndroidManifest.xml:12:17-116
76                android:value="com.google.firebase.components.ComponentRegistrar" />
76-->[com.google.firebase:firebase-auth-ktx:21.0.1] AndroidManifest.xml:13:17-82
77            <meta-data
77-->[com.google.firebase:firebase-storage-ktx:20.0.0] AndroidManifest.xml:15:13-17:85
78                android:name="com.google.firebase.components:com.google.firebase.storage.ktx.FirebaseStorageKtxRegistrar"
78-->[com.google.firebase:firebase-storage-ktx:20.0.0] AndroidManifest.xml:16:17-122
79                android:value="com.google.firebase.components.ComponentRegistrar" />
79-->[com.google.firebase:firebase-storage-ktx:20.0.0] AndroidManifest.xml:17:17-82
80            <meta-data
80-->[com.google.firebase:firebase-firestore-ktx:24.0.0] AndroidManifest.xml:15:13-17:85
81                android:name="com.google.firebase.components:com.google.firebase.firestore.ktx.FirebaseFirestoreKtxRegistrar"
81-->[com.google.firebase:firebase-firestore-ktx:24.0.0] AndroidManifest.xml:16:17-126
82                android:value="com.google.firebase.components.ComponentRegistrar" />
82-->[com.google.firebase:firebase-firestore-ktx:24.0.0] AndroidManifest.xml:17:17-82
83            <meta-data
83-->[com.google.firebase:firebase-messaging-ktx:23.0.0] AndroidManifest.xml:29:13-31:85
84                android:name="com.google.firebase.components:com.google.firebase.messaging.ktx.FirebaseMessagingKtxRegistrar"
84-->[com.google.firebase:firebase-messaging-ktx:23.0.0] AndroidManifest.xml:30:17-126
85                android:value="com.google.firebase.components.ComponentRegistrar" />
85-->[com.google.firebase:firebase-messaging-ktx:23.0.0] AndroidManifest.xml:31:17-82
86            <meta-data
86-->[com.google.firebase:firebase-messaging:23.0.0] AndroidManifest.xml:52:13-54:85
87                android:name="com.google.firebase.components:com.google.firebase.messaging.FirebaseMessagingRegistrar"
87-->[com.google.firebase:firebase-messaging:23.0.0] AndroidManifest.xml:53:17-119
88                android:value="com.google.firebase.components.ComponentRegistrar" />
88-->[com.google.firebase:firebase-messaging:23.0.0] AndroidManifest.xml:54:17-82
89            <meta-data
89-->[com.google.firebase:firebase-datatransport:18.0.0] AndroidManifest.xml:28:13-30:85
90                android:name="com.google.firebase.components:com.google.firebase.datatransport.TransportRegistrar"
90-->[com.google.firebase:firebase-datatransport:18.0.0] AndroidManifest.xml:29:17-115
91                android:value="com.google.firebase.components.ComponentRegistrar" />
91-->[com.google.firebase:firebase-datatransport:18.0.0] AndroidManifest.xml:30:17-82
92            <meta-data
92-->[com.google.firebase:firebase-auth:21.0.1] AndroidManifest.xml:77:13-79:85
93                android:name="com.google.firebase.components:com.google.firebase.auth.FirebaseAuthRegistrar"
93-->[com.google.firebase:firebase-auth:21.0.1] AndroidManifest.xml:78:17-109
94                android:value="com.google.firebase.components.ComponentRegistrar" />
94-->[com.google.firebase:firebase-auth:21.0.1] AndroidManifest.xml:79:17-82
95            <meta-data
95-->[com.google.firebase:firebase-firestore:24.0.0] AndroidManifest.xml:20:13-22:85
96                android:name="com.google.firebase.components:com.google.firebase.firestore.FirestoreRegistrar"
96-->[com.google.firebase:firebase-firestore:24.0.0] AndroidManifest.xml:21:17-111
97                android:value="com.google.firebase.components.ComponentRegistrar" />
97-->[com.google.firebase:firebase-firestore:24.0.0] AndroidManifest.xml:22:17-82
98            <meta-data
98-->[com.google.firebase:firebase-common-ktx:20.0.0] AndroidManifest.xml:15:13-17:85
99                android:name="com.google.firebase.components:com.google.firebase.ktx.FirebaseCommonKtxRegistrar"
99-->[com.google.firebase:firebase-common-ktx:20.0.0] AndroidManifest.xml:16:17-113
100                android:value="com.google.firebase.components.ComponentRegistrar" />
100-->[com.google.firebase:firebase-common-ktx:20.0.0] AndroidManifest.xml:17:17-82
101            <meta-data
101-->[com.google.firebase:firebase-storage:20.0.0] AndroidManifest.xml:33:13-35:85
102                android:name="com.google.firebase.components:com.google.firebase.storage.StorageRegistrar"
102-->[com.google.firebase:firebase-storage:20.0.0] AndroidManifest.xml:34:17-107
103                android:value="com.google.firebase.components.ComponentRegistrar" />
103-->[com.google.firebase:firebase-storage:20.0.0] AndroidManifest.xml:35:17-82
104            <meta-data
104-->[com.google.android.gms:play-services-measurement-api:20.0.0] AndroidManifest.xml:30:13-32:85
105                android:name="com.google.firebase.components:com.google.firebase.analytics.connector.internal.AnalyticsConnectorRegistrar"
105-->[com.google.android.gms:play-services-measurement-api:20.0.0] AndroidManifest.xml:31:17-139
106                android:value="com.google.firebase.components.ComponentRegistrar" />
106-->[com.google.android.gms:play-services-measurement-api:20.0.0] AndroidManifest.xml:32:17-82
107            <meta-data
107-->[com.google.firebase:firebase-installations:17.0.0] AndroidManifest.xml:18:13-20:85
108                android:name="com.google.firebase.components:com.google.firebase.installations.FirebaseInstallationsRegistrar"
108-->[com.google.firebase:firebase-installations:17.0.0] AndroidManifest.xml:19:17-127
109                android:value="com.google.firebase.components.ComponentRegistrar" />
109-->[com.google.firebase:firebase-installations:17.0.0] AndroidManifest.xml:20:17-82
110        </service>
111
112        <receiver
112-->[com.google.firebase:firebase-messaging:23.0.0] AndroidManifest.xml:28:9-35:20
113            android:name="com.google.firebase.iid.FirebaseInstanceIdReceiver"
113-->[com.google.firebase:firebase-messaging:23.0.0] AndroidManifest.xml:29:13-78
114            android:exported="true"
114-->[com.google.firebase:firebase-messaging:23.0.0] AndroidManifest.xml:30:13-36
115            android:permission="com.google.android.c2dm.permission.SEND" >
115-->[com.google.firebase:firebase-messaging:23.0.0] AndroidManifest.xml:31:13-73
116            <intent-filter>
116-->[com.google.firebase:firebase-messaging:23.0.0] AndroidManifest.xml:32:13-34:29
117                <action android:name="com.google.android.c2dm.intent.RECEIVE" />
117-->[com.google.firebase:firebase-messaging:23.0.0] AndroidManifest.xml:33:17-81
117-->[com.google.firebase:firebase-messaging:23.0.0] AndroidManifest.xml:33:25-78
118            </intent-filter>
119        </receiver>
120        <!--
121             FirebaseMessagingService performs security checks at runtime,
122             but set to not exported to explicitly avoid allowing another app to call it.
123        -->
124        <service
124-->[com.google.firebase:firebase-messaging:23.0.0] AndroidManifest.xml:41:9-48:19
125            android:name="com.google.firebase.messaging.FirebaseMessagingService"
125-->[com.google.firebase:firebase-messaging:23.0.0] AndroidManifest.xml:42:13-82
126            android:directBootAware="true"
126-->[com.google.firebase:firebase-messaging:23.0.0] AndroidManifest.xml:43:13-43
127            android:exported="false" >
127-->[com.google.firebase:firebase-messaging:23.0.0] AndroidManifest.xml:44:13-37
128            <intent-filter android:priority="-500" >
128-->[com.google.firebase:firebase-messaging:23.0.0] AndroidManifest.xml:45:13-47:29
128-->[com.google.firebase:firebase-messaging:23.0.0] AndroidManifest.xml:45:28-51
129                <action android:name="com.google.firebase.MESSAGING_EVENT" />
129-->[com.google.firebase:firebase-messaging:23.0.0] AndroidManifest.xml:46:17-78
129-->[com.google.firebase:firebase-messaging:23.0.0] AndroidManifest.xml:46:25-75
130            </intent-filter>
131        </service>
132        <service
132-->[com.google.android.datatransport:transport-backend-cct:3.0.0] AndroidManifest.xml:29:9-35:19
133            android:name="com.google.android.datatransport.runtime.backends.TransportBackendDiscovery"
133-->[com.google.android.datatransport:transport-backend-cct:3.0.0] AndroidManifest.xml:30:13-103
134            android:exported="false" >
134-->[com.google.android.datatransport:transport-backend-cct:3.0.0] AndroidManifest.xml:31:13-37
135            <meta-data
135-->[com.google.android.datatransport:transport-backend-cct:3.0.0] AndroidManifest.xml:32:13-34:39
136                android:name="backend:com.google.android.datatransport.cct.CctBackendFactory"
136-->[com.google.android.datatransport:transport-backend-cct:3.0.0] AndroidManifest.xml:33:17-94
137                android:value="cct" />
137-->[com.google.android.datatransport:transport-backend-cct:3.0.0] AndroidManifest.xml:34:17-36
138        </service>
139
140        <activity
140-->[com.google.firebase:firebase-auth:21.0.1] AndroidManifest.xml:27:9-44:20
141            android:name="com.google.firebase.auth.internal.GenericIdpActivity"
141-->[com.google.firebase:firebase-auth:21.0.1] AndroidManifest.xml:28:13-80
142            android:excludeFromRecents="true"
142-->[com.google.firebase:firebase-auth:21.0.1] AndroidManifest.xml:29:13-46
143            android:exported="true"
143-->[com.google.firebase:firebase-auth:21.0.1] AndroidManifest.xml:30:13-36
144            android:launchMode="singleTask"
144-->[com.google.firebase:firebase-auth:21.0.1] AndroidManifest.xml:31:13-44
145            android:theme="@android:style/Theme.Translucent.NoTitleBar" >
145-->[com.google.firebase:firebase-auth:21.0.1] AndroidManifest.xml:32:13-72
146            <intent-filter>
146-->[com.google.firebase:firebase-auth:21.0.1] AndroidManifest.xml:33:13-43:29
147                <action android:name="android.intent.action.VIEW" />
147-->[com.google.firebase:firebase-auth:21.0.1] AndroidManifest.xml:34:17-69
147-->[com.google.firebase:firebase-auth:21.0.1] AndroidManifest.xml:34:25-66
148
149                <category android:name="android.intent.category.DEFAULT" />
149-->[com.google.firebase:firebase-auth:21.0.1] AndroidManifest.xml:36:17-76
149-->[com.google.firebase:firebase-auth:21.0.1] AndroidManifest.xml:36:27-73
150                <category android:name="android.intent.category.BROWSABLE" />
150-->[com.google.firebase:firebase-auth:21.0.1] AndroidManifest.xml:37:17-78
150-->[com.google.firebase:firebase-auth:21.0.1] AndroidManifest.xml:37:27-75
151
152                <data
152-->[com.google.firebase:firebase-auth:21.0.1] AndroidManifest.xml:39:17-42:51
153                    android:host="firebase.auth"
153-->[com.google.firebase:firebase-auth:21.0.1] AndroidManifest.xml:40:21-49
154                    android:path="/"
154-->[com.google.firebase:firebase-auth:21.0.1] AndroidManifest.xml:41:21-37
155                    android:scheme="genericidp" />
155-->[com.google.firebase:firebase-auth:21.0.1] AndroidManifest.xml:42:21-48
156            </intent-filter>
157        </activity>
158        <activity
158-->[com.google.firebase:firebase-auth:21.0.1] AndroidManifest.xml:45:9-62:20
159            android:name="com.google.firebase.auth.internal.RecaptchaActivity"
159-->[com.google.firebase:firebase-auth:21.0.1] AndroidManifest.xml:46:13-79
160            android:excludeFromRecents="true"
160-->[com.google.firebase:firebase-auth:21.0.1] AndroidManifest.xml:47:13-46
161            android:exported="true"
161-->[com.google.firebase:firebase-auth:21.0.1] AndroidManifest.xml:48:13-36
162            android:launchMode="singleTask"
162-->[com.google.firebase:firebase-auth:21.0.1] AndroidManifest.xml:49:13-44
163            android:theme="@android:style/Theme.Translucent.NoTitleBar" >
163-->[com.google.firebase:firebase-auth:21.0.1] AndroidManifest.xml:50:13-72
164            <intent-filter>
164-->[com.google.firebase:firebase-auth:21.0.1] AndroidManifest.xml:51:13-61:29
165                <action android:name="android.intent.action.VIEW" />
165-->[com.google.firebase:firebase-auth:21.0.1] AndroidManifest.xml:34:17-69
165-->[com.google.firebase:firebase-auth:21.0.1] AndroidManifest.xml:34:25-66
166
167                <category android:name="android.intent.category.DEFAULT" />
167-->[com.google.firebase:firebase-auth:21.0.1] AndroidManifest.xml:36:17-76
167-->[com.google.firebase:firebase-auth:21.0.1] AndroidManifest.xml:36:27-73
168                <category android:name="android.intent.category.BROWSABLE" />
168-->[com.google.firebase:firebase-auth:21.0.1] AndroidManifest.xml:37:17-78
168-->[com.google.firebase:firebase-auth:21.0.1] AndroidManifest.xml:37:27-75
169
170                <data
170-->[com.google.firebase:firebase-auth:21.0.1] AndroidManifest.xml:39:17-42:51
171                    android:host="firebase.auth"
171-->[com.google.firebase:firebase-auth:21.0.1] AndroidManifest.xml:40:21-49
172                    android:path="/"
172-->[com.google.firebase:firebase-auth:21.0.1] AndroidManifest.xml:41:21-37
173                    android:scheme="recaptcha" />
173-->[com.google.firebase:firebase-auth:21.0.1] AndroidManifest.xml:42:21-48
174            </intent-filter>
175        </activity>
176
177        <service
177-->[com.google.firebase:firebase-auth:21.0.1] AndroidManifest.xml:64:9-73:19
178            android:name="com.google.firebase.auth.api.fallback.service.FirebaseAuthFallbackService"
178-->[com.google.firebase:firebase-auth:21.0.1] AndroidManifest.xml:65:13-101
179            android:enabled="true"
179-->[com.google.firebase:firebase-auth:21.0.1] AndroidManifest.xml:66:13-35
180            android:exported="false" >
180-->[com.google.firebase:firebase-auth:21.0.1] AndroidManifest.xml:67:13-37
181            <intent-filter>
181-->[com.google.firebase:firebase-auth:21.0.1] AndroidManifest.xml:68:13-72:29
182                <action android:name="com.google.firebase.auth.api.gms.service.START" />
182-->[com.google.firebase:firebase-auth:21.0.1] AndroidManifest.xml:69:17-89
182-->[com.google.firebase:firebase-auth:21.0.1] AndroidManifest.xml:69:25-86
183
184                <category android:name="android.intent.category.DEFAULT" />
184-->[com.google.firebase:firebase-auth:21.0.1] AndroidManifest.xml:36:17-76
184-->[com.google.firebase:firebase-auth:21.0.1] AndroidManifest.xml:36:27-73
185            </intent-filter>
186        </service>
187
188        <provider
188-->[com.google.firebase:firebase-common:20.0.0] AndroidManifest.xml:26:9-31:39
189            android:name="com.google.firebase.provider.FirebaseInitProvider"
189-->[com.google.firebase:firebase-common:20.0.0] AndroidManifest.xml:27:13-77
190            android:authorities="ipca.example.photomap.firebaseinitprovider"
190-->[com.google.firebase:firebase-common:20.0.0] AndroidManifest.xml:28:13-72
191            android:directBootAware="true"
191-->[com.google.firebase:firebase-common:20.0.0] AndroidManifest.xml:29:13-43
192            android:exported="false"
192-->[com.google.firebase:firebase-common:20.0.0] AndroidManifest.xml:30:13-37
193            android:initOrder="100" />
193-->[com.google.firebase:firebase-common:20.0.0] AndroidManifest.xml:31:13-36
194
195        <activity
195-->[com.google.android.gms:play-services-base:17.1.0] AndroidManifest.xml:23:9-26:75
196            android:name="com.google.android.gms.common.api.GoogleApiActivity"
196-->[com.google.android.gms:play-services-base:17.1.0] AndroidManifest.xml:24:13-79
197            android:exported="false"
197-->[com.google.android.gms:play-services-base:17.1.0] AndroidManifest.xml:25:13-37
198            android:theme="@android:style/Theme.Translucent.NoTitleBar" />
198-->[com.google.android.gms:play-services-base:17.1.0] AndroidManifest.xml:26:13-72
199
200        <receiver
200-->[com.google.android.gms:play-services-measurement:20.0.0] AndroidManifest.xml:29:9-33:20
201            android:name="com.google.android.gms.measurement.AppMeasurementReceiver"
201-->[com.google.android.gms:play-services-measurement:20.0.0] AndroidManifest.xml:30:13-85
202            android:enabled="true"
202-->[com.google.android.gms:play-services-measurement:20.0.0] AndroidManifest.xml:31:13-35
203            android:exported="false" >
203-->[com.google.android.gms:play-services-measurement:20.0.0] AndroidManifest.xml:32:13-37
204        </receiver>
205
206        <service
206-->[com.google.android.gms:play-services-measurement:20.0.0] AndroidManifest.xml:35:9-38:40
207            android:name="com.google.android.gms.measurement.AppMeasurementService"
207-->[com.google.android.gms:play-services-measurement:20.0.0] AndroidManifest.xml:36:13-84
208            android:enabled="true"
208-->[com.google.android.gms:play-services-measurement:20.0.0] AndroidManifest.xml:37:13-35
209            android:exported="false" />
209-->[com.google.android.gms:play-services-measurement:20.0.0] AndroidManifest.xml:38:13-37
210        <service
210-->[com.google.android.gms:play-services-measurement:20.0.0] AndroidManifest.xml:39:9-43:72
211            android:name="com.google.android.gms.measurement.AppMeasurementJobService"
211-->[com.google.android.gms:play-services-measurement:20.0.0] AndroidManifest.xml:40:13-87
212            android:enabled="true"
212-->[com.google.android.gms:play-services-measurement:20.0.0] AndroidManifest.xml:41:13-35
213            android:exported="false"
213-->[com.google.android.gms:play-services-measurement:20.0.0] AndroidManifest.xml:42:13-37
214            android:permission="android.permission.BIND_JOB_SERVICE" />
214-->[com.google.android.gms:play-services-measurement:20.0.0] AndroidManifest.xml:43:13-69
215
216        <meta-data
216-->[com.google.android.gms:play-services-basement:17.2.1] AndroidManifest.xml:23:9-25:69
217            android:name="com.google.android.gms.version"
217-->[com.google.android.gms:play-services-basement:17.2.1] AndroidManifest.xml:24:13-58
218            android:value="@integer/google_play_services_version" />
218-->[com.google.android.gms:play-services-basement:17.2.1] AndroidManifest.xml:25:13-66
219
220        <service
220-->[com.google.android.datatransport:transport-runtime:3.0.0] AndroidManifest.xml:26:9-30:19
221            android:name="com.google.android.datatransport.runtime.scheduling.jobscheduling.JobInfoSchedulerService"
221-->[com.google.android.datatransport:transport-runtime:3.0.0] AndroidManifest.xml:27:13-117
222            android:exported="false"
222-->[com.google.android.datatransport:transport-runtime:3.0.0] AndroidManifest.xml:28:13-37
223            android:permission="android.permission.BIND_JOB_SERVICE" >
223-->[com.google.android.datatransport:transport-runtime:3.0.0] AndroidManifest.xml:29:13-69
224        </service>
225
226        <receiver
226-->[com.google.android.datatransport:transport-runtime:3.0.0] AndroidManifest.xml:32:9-34:40
227            android:name="com.google.android.datatransport.runtime.scheduling.jobscheduling.AlarmManagerSchedulerBroadcastReceiver"
227-->[com.google.android.datatransport:transport-runtime:3.0.0] AndroidManifest.xml:33:13-132
228            android:exported="false" />
228-->[com.google.android.datatransport:transport-runtime:3.0.0] AndroidManifest.xml:34:13-37
229    </application>
230
231</manifest>